<?xml version="1.0" ?>
<testsuite errors="0" failures="0" name="TestBC-20180501125421" tests="7" time="0.037">
	<testcase classname="TestBC" name="test_difference" time="0.007"/>
	<testcase classname="TestBC" name="test_divide" time="0.005"/>
	<testcase classname="TestBC" name="test_exponent" time="0.005"/>
	<testcase classname="TestBC" name="test_multiplying" time="0.005"/>
	<testcase classname="TestBC" name="test_remainder" time="0.005"/>
	<testcase classname="TestBC" name="test_scale" time="0.005"/>
	<testcase classname="TestBC" name="test_sum" time="0.005"/>
	<system-out>
<![CDATA[]]>	</system-out>
	<system-err>
<![CDATA[]]>	</system-err>
</testsuite>
